<?xml version="1.0" encoding="UTF-8"?>
<testng-results skipped="0" failed="0" ignored="0" total="12" passed="12">
  <reporter-output>
  </reporter-output>
  <suite name="Test Maven Suite" duration-ms="26" started-at="2020-09-16T11:14:56Z" finished-at="2020-09-16T11:14:56Z">
    <groups>
    </groups>
    <test name="Test Maven Testing" duration-ms="26" started-at="2020-09-16T11:14:56Z" finished-at="2020-09-16T11:14:56Z">
      <class name="com.qa.tests.DemoTest">
        <test-method status="PASS" signature="sum()[pri:1, instance:com.qa.tests.DemoTest@679b62af]" name="sum" duration-ms="6" started-at="2020-09-16T11:14:56Z" finished-at="2020-09-16T11:14:56Z">
          <reporter-output>
          </reporter-output>
        </test-method> <!-- sum -->
        <test-method status="PASS" signature="sub()[pri:2, instance:com.qa.tests.DemoTest@679b62af]" name="sub" duration-ms="0" started-at="2020-09-16T11:14:56Z" finished-at="2020-09-16T11:14:56Z">
          <reporter-output>
          </reporter-output>
        </test-method> <!-- sub -->
        <test-method status="PASS" signature="mul()[pri:3, instance:com.qa.tests.DemoTest@679b62af]" name="mul" duration-ms="0" started-at="2020-09-16T11:14:56Z" finished-at="2020-09-16T11:14:56Z">
          <reporter-output>
          </reporter-output>
        </test-method> <!-- mul -->
        <test-method status="PASS" signature="div()[pri:4, instance:com.qa.tests.DemoTest@679b62af]" name="div" duration-ms="0" started-at="2020-09-16T11:14:56Z" finished-at="2020-09-16T11:14:56Z">
          <reporter-output>
          </reporter-output>
        </test-method> <!-- div -->
      </class> <!-- com.qa.tests.DemoTest -->
      <class name="com.qa.tests.DemoTest1">
        <test-method status="PASS" signature="sum()[pri:5, instance:com.qa.tests.DemoTest1@5cdd8682]" name="sum" duration-ms="0" started-at="2020-09-16T11:14:56Z" finished-at="2020-09-16T11:14:56Z">
          <reporter-output>
          </reporter-output>
        </test-method> <!-- sum -->
        <test-method status="PASS" signature="sub()[pri:6, instance:com.qa.tests.DemoTest1@5cdd8682]" name="sub" duration-ms="0" started-at="2020-09-16T11:14:56Z" finished-at="2020-09-16T11:14:56Z">
          <reporter-output>
          </reporter-output>
        </test-method> <!-- sub -->
        <test-method status="PASS" signature="div()[pri:8, instance:com.qa.tests.DemoTest1@5cdd8682]" name="div" duration-ms="0" started-at="2020-09-16T11:14:56Z" finished-at="2020-09-16T11:14:56Z">
          <reporter-output>
          </reporter-output>
        </test-method> <!-- div -->
        <test-method status="PASS" signature="mul()[pri:7, instance:com.qa.tests.DemoTest1@5cdd8682]" name="mul" duration-ms="0" started-at="2020-09-16T11:14:56Z" finished-at="2020-09-16T11:14:56Z">
          <reporter-output>
          </reporter-output>
        </test-method> <!-- mul -->
      </class> <!-- com.qa.tests.DemoTest1 -->
      <class name="com.qa.tests.DemoTest2">
        <test-method status="PASS" signature="sub()[pri:10, instance:com.qa.tests.DemoTest2@d6da883]" name="sub" duration-ms="0" started-at="2020-09-16T11:14:56Z" finished-at="2020-09-16T11:14:56Z">
          <reporter-output>
          </reporter-output>
        </test-method> <!-- sub -->
        <test-method status="PASS" signature="sum()[pri:9, instance:com.qa.tests.DemoTest2@d6da883]" name="sum" duration-ms="0" started-at="2020-09-16T11:14:56Z" finished-at="2020-09-16T11:14:56Z">
          <reporter-output>
          </reporter-output>
        </test-method> <!-- sum -->
        <test-method status="PASS" signature="mul()[pri:11, instance:com.qa.tests.DemoTest2@d6da883]" name="mul" duration-ms="0" started-at="2020-09-16T11:14:56Z" finished-at="2020-09-16T11:14:56Z">
          <reporter-output>
          </reporter-output>
        </test-method> <!-- mul -->
        <test-method status="PASS" signature="div()[pri:12, instance:com.qa.tests.DemoTest2@d6da883]" name="div" duration-ms="0" started-at="2020-09-16T11:14:56Z" finished-at="2020-09-16T11:14:56Z">
          <reporter-output>
          </reporter-output>
        </test-method> <!-- div -->
      </class> <!-- com.qa.tests.DemoTest2 -->
    </test> <!-- Test Maven Testing -->
  </suite> <!-- Test Maven Suite -->
</testng-results>
