<?xml version="1.0" encoding="UTF-8"?>
<testng-results skipped="0" failed="0" ignored="0" total="4" passed="4">
  <reporter-output>
  </reporter-output>
  <suite name="Default suite" duration-ms="91" started-at="2020-09-13T09:27:31Z" finished-at="2020-09-13T09:27:31Z">
    <groups>
    </groups>
    <test name="Default test" duration-ms="91" started-at="2020-09-13T09:27:31Z" finished-at="2020-09-13T09:27:31Z">
      <class name="com.qa.tests.DemoTest">
        <test-method status="PASS" signature="div()[pri:0, instance:com.qa.tests.DemoTest@2145433b]" name="div" duration-ms="25" started-at="2020-09-13T09:27:31Z" finished-at="2020-09-13T09:27:31Z">
          <reporter-output>
          </reporter-output>
        </test-method> <!-- div -->
        <test-method status="PASS" signature="mul()[pri:0, instance:com.qa.tests.DemoTest@2145433b]" name="mul" duration-ms="1" started-at="2020-09-13T09:27:31Z" finished-at="2020-09-13T09:27:31Z">
          <reporter-output>
          </reporter-output>
        </test-method> <!-- mul -->
        <test-method status="PASS" signature="sub()[pri:0, instance:com.qa.tests.DemoTest@2145433b]" name="sub" duration-ms="1" started-at="2020-09-13T09:27:31Z" finished-at="2020-09-13T09:27:31Z">
          <reporter-output>
          </reporter-output>
        </test-method> <!-- sub -->
        <test-method status="PASS" signature="sum()[pri:0, instance:com.qa.tests.DemoTest@2145433b]" name="sum" duration-ms="1" started-at="2020-09-13T09:27:31Z" finished-at="2020-09-13T09:27:31Z">
          <reporter-output>
          </reporter-output>
        </test-method> <!-- sum -->
      </class> <!-- com.qa.tests.DemoTest -->
    </test> <!-- Default test -->
  </suite> <!-- Default suite -->
</testng-results>
