<?xml version="1.0" encoding="UTF-8"?>
<!-- Generated by org.testng.reporters.JUnitXMLReporter -->
<testsuite hostname="SSonawane" ignored="0" name="Test Maven Testing" tests="12" failures="0" timestamp="2020-09-17T00:53:48 IST" time="0.085" errors="0">
  <testcase name="sum" time="0.009" classname="com.qa.tests.DemoTest"/>
  <testcase name="sub" time="0.001" classname="com.qa.tests.DemoTest"/>
  <testcase name="mul" time="0.001" classname="com.qa.tests.DemoTest"/>
  <testcase name="div" time="0.0" classname="com.qa.tests.DemoTest"/>
  <testcase name="sum" time="0.001" classname="com.qa.tests.DemoTest1"/>
  <testcase name="sub" time="0.002" classname="com.qa.tests.DemoTest1"/>
  <testcase name="mul" time="0.001" classname="com.qa.tests.DemoTest1"/>
  <testcase name="div" time="0.001" classname="com.qa.tests.DemoTest1"/>
  <testcase name="sum" time="0.0" classname="com.qa.tests.DemoTest2"/>
  <testcase name="sub" time="0.001" classname="com.qa.tests.DemoTest2"/>
  <testcase name="mul" time="0.001" classname="com.qa.tests.DemoTest2"/>
  <testcase name="div" time="0.001" classname="com.qa.tests.DemoTest2"/>
</testsuite> <!-- Test Maven Testing -->
